
heart_beat_kill_pid = 7431
heart_beat_timeout = 11
heart: Wed Dec 16 22:12:13 2015: heart-beat time-out, no activity for 75 seconds
/usr/local/Cellar/couchdb/1.6.1_3/bin/couchdb: line 343: echo: write error: Broken pipe
heart: Wed Dec 16 22:20:15 2015: Executed "/usr/local/Cellar/couchdb/1.6.1_3/bin/couchdb -k" -> 256. Terminating.

heart_beat_kill_pid = 12862
heart_beat_timeout = 11
heart: Thu Dec 17 13:20:01 2015: Erlang has closed.
/usr/local/Cellar/couchdb/1.6.1_3/bin/couchdb: line 343: echo: write error: Broken pipe
heart: Thu Dec 17 13:20:01 2015: Executed "/usr/local/Cellar/couchdb/1.6.1_3/bin/couchdb -k" -> 256. Terminating.

heart_beat_kill_pid = 13876
heart_beat_timeout = 11
heart: Thu Dec 17 13:38:43 2015: Erlang has closed.
/usr/local/Cellar/couchdb/1.6.1_3/bin/couchdb: line 343: echo: write error: Broken pipe
heart: Thu Dec 17 13:38:43 2015: Executed "/usr/local/Cellar/couchdb/1.6.1_3/bin/couchdb -k" -> 256. Terminating.

heart_beat_kill_pid = 14186
heart_beat_timeout = 11
heart: Thu Dec 17 14:40:40 2015: Erlang has closed.
/usr/local/Cellar/couchdb/1.6.1_3/bin/couchdb: line 343: echo: write error: Broken pipe
heart: Thu Dec 17 14:40:41 2015: Executed "/usr/local/Cellar/couchdb/1.6.1_3/bin/couchdb -k" -> 256. Terminating.

heart_beat_kill_pid = 15074
heart_beat_timeout = 11
heart: Thu Dec 17 15:29:21 2015: heart-beat time-out, no activity for 74 seconds
/usr/local/Cellar/couchdb/1.6.1_3/bin/couchdb: line 343: echo: write error: Broken pipe
heart: Thu Dec 17 17:58:45 2015: Executed "/usr/local/Cellar/couchdb/1.6.1_3/bin/couchdb -k" -> 256. Terminating.

heart_beat_kill_pid = 15911
heart_beat_timeout = 11
heart: Thu Dec 17 18:25:08 2015: heart-beat time-out, no activity for 72 seconds
/usr/local/Cellar/couchdb/1.6.1_3/bin/couchdb: line 343: echo: write error: Broken pipe
heart: Thu Dec 17 19:00:53 2015: Executed "/usr/local/Cellar/couchdb/1.6.1_3/bin/couchdb -k" -> 256. Terminating.

heart_beat_kill_pid = 16381
heart_beat_timeout = 11
heart: Thu Dec 17 19:17:13 2015: Erlang has closed.
/usr/local/Cellar/couchdb/1.6.1_3/bin/couchdb: line 343: echo: write error: Broken pipe
heart: Thu Dec 17 19:17:14 2015: Executed "/usr/local/Cellar/couchdb/1.6.1_3/bin/couchdb -k" -> 256. Terminating.

heart_beat_kill_pid = 16607
heart_beat_timeout = 11
heart: Thu Dec 17 19:18:38 2015: Erlang has closed.
/usr/local/Cellar/couchdb/1.6.1_3/bin/couchdb: line 343: echo: write error: Broken pipe
heart: Thu Dec 17 19:18:38 2015: Executed "/usr/local/Cellar/couchdb/1.6.1_3/bin/couchdb -k" -> 256. Terminating.

heart_beat_kill_pid = 16665
heart_beat_timeout = 11
heart: Thu Dec 17 22:46:02 2015: Erlang has closed.
/usr/local/Cellar/couchdb/1.6.1_3/bin/couchdb: line 343: echo: write error: Broken pipe
heart: Thu Dec 17 22:46:02 2015: Executed "/usr/local/Cellar/couchdb/1.6.1_3/bin/couchdb -k" -> 256. Terminating.
